[    0.000000] Linux version 4.15.0-72-generic (buildd@lcy01-amd64-026) (gcc version 7.4.0 (Ubuntu 7.4.0-1ubuntu1~18.04.1)) #81-Ubuntu SMP Tue Nov 26 12:20:02 UTC 2019 (Ubuntu 4.15.0-72.81-generic 4.15.18)
[    0.000000] Command line: BOOT_IMAGE=/boot/vmlinuz-4.15.0-72-generic root=LABEL=cloudimg-rootfs ro console=tty1 console=ttyS0
[    0.000000] KERNEL supported cpus:
[    0.000000]   Intel GenuineIntel
[    0.000000]   AMD AuthenticAMD
[    0.000000]   Centaur CentaurHauls
[    0.000000] x86/fpu: Supporting XSAVE feature 0x001: 'x87 floating point registers'
[    0.000000] x86/fpu: Supporting XSAVE feature 0x002: 'SSE registers'
[    0.000000] x86/fpu: Supporting XSAVE feature 0x004: 'AVX registers'
[    0.000000] x86/fpu: xstate_offset[2]:  576, xstate_sizes[2]:  256
[    0.000000] x86/fpu: Enabled xstate features 0x7, context size is 832 bytes, using 'standard' format.
[    0.000000] e820: BIOS-provided physical RAM map:
[    0.000000] BIOS-e820: [mem 0x0000000000000000-0x000000000009fbff] usable
[    0.000000] BIOS-e820: [mem 0x000000000009fc00-0x000000000009ffff] reserved
[    0.000000] BIOS-e820: [mem 0x00000000000f0000-0x00000000000fffff] reserved
[    0.000000] BIOS-e820: [mem 0x0000000000100000-0x000000003ffeffff] usable
[    0.000000] BIOS-e820: [mem 0x000000003fff0000-0x000000003fffffff] ACPI data
[    0.000000] BIOS-e820: [mem 0x00000000fec00000-0x00000000fec00fff] reserved
[    0.000000] BIOS-e820: [mem 0x00000000fee00000-0x00000000fee00fff] reserved
[    0.000000] BIOS-e820: [mem 0x00000000fffc0000-0x00000000ffffffff] reserved
[    0.000000] NX (Execute Disable) protection: active
[    0.000000] SMBIOS 2.5 present.
[    0.000000] DMI: innotek GmbH VirtualBox/VirtualBox, BIOS VirtualBox 12/01/2006
[    0.000000] Hypervisor detected: KVM
[    0.000000] e820: last_pfn = 0x3fff0 max_arch_pfn = 0x400000000
[    0.000000] MTRR: Disabled
[    0.000000] x86/PAT: MTRRs disabled, skipping PAT initialization too.
[    0.000000] CPU MTRRs all blank - virtualized system.
[    0.000000] x86/PAT: Configuration [0-7]: WB  WT  UC- UC  WB  WT  UC- UC  
[    0.000000] found SMP MP-table at [mem 0x0009fff0-0x0009ffff]
[    0.000000] Scanning 1 areas for low memory corruption
[    0.000000] RAMDISK: [mem 0x3595f000-0x36ca6fff]
[    0.000000] ACPI: Early table checksum verification disabled
[    0.000000] ACPI: RSDP 0x00000000000E0000 000024 (v02 VBOX  )
[    0.000000] ACPI: XSDT 0x000000003FFF0030 00003C (v01 VBOX   VBOXXSDT 00000001 ASL  00000061)
[    0.000000] ACPI: FACP 0x000000003FFF00F0 0000F4 (v04 VBOX   VBOXFACP 00000001 ASL  00000061)
[    0.000000] ACPI: DSDT 0x000000003FFF0470 0022EA (v02 VBOX   VBOXBIOS 00000002 INTL 20100528)
[    0.000000] ACPI: FACS 0x000000003FFF0200 000040
[    0.000000] ACPI: FACS 0x000000003FFF0200 000040
[    0.000000] ACPI: APIC 0x000000003FFF0240 00005C (v02 VBOX   VBOXAPIC 00000001 ASL  00000061)
[    0.000000] ACPI: SSDT 0x000000003FFF02A0 0001CC (v01 VBOX   VBOXCPUT 00000002 INTL 20100528)
[    0.000000] No NUMA configuration found
[    0.000000] Faking a node at [mem 0x0000000000000000-0x000000003ffeffff]
[    0.000000] NODE_DATA(0) allocated [mem 0x3ffc5000-0x3ffeffff]
[    0.000000] kvm-clock: cpu 0, msr 0:3ff44001, primary cpu clock
[    0.000000] kvm-clock: Using msrs 4b564d01 and 4b564d00
[    0.000000] kvm-clock: using sched offset of 3669459353 cycles
[    0.000000] clocksource: kvm-clock: mask: 0xffffffffffffffff max_cycles: 0x1cd42e4dffb, max_idle_ns: 881590591483 ns
[    0.000000] Zone ranges:
[    0.000000]   DMA      [mem 0x0000000000001000-0x0000000000ffffff]
[    0.000000]   DMA32    [mem 0x0000000001000000-0x000000003ffeffff]
[    0.000000]   Normal   empty
[    0.000000]   Device   empty
[    0.000000] Movable zone start for each node
[    0.000000] Early memory node ranges
[    0.000000]   node   0: [mem 0x0000000000001000-0x000000000009efff]
[    0.000000]   node   0: [mem 0x0000000000100000-0x000000003ffeffff]
[    0.000000] Reserved but unavailable: 98 pages
[    0.000000] Initmem setup node 0 [mem 0x0000000000001000-0x000000003ffeffff]
[    0.000000] ACPI: PM-Timer IO Port: 0x4008
[    0.000000] IOAPIC[0]: apic_id 2, version 32, address 0xfec00000, GSI 0-23
[    0.000000] ACPI: INT_SRC_OVR (bus 0 bus_irq 0 global_irq 2 dfl dfl)
[    0.000000] ACPI: INT_SRC_OVR (bus 0 bus_irq 9 global_irq 9 low level)
[    0.000000] Using ACPI (MADT) for SMP configuration information
[    0.000000] smpboot: Allowing 2 CPUs, 0 hotplug CPUs
[    0.000000] PM: Registered nosave memory: [mem 0x00000000-0x00000fff]
[    0.000000] PM: Registered nosave memory: [mem 0x0009f000-0x0009ffff]
[    0.000000] PM: Registered nosave memory: [mem 0x000a0000-0x000effff]
[    0.000000] PM: Registered nosave memory: [mem 0x000f0000-0x000fffff]
[    0.000000] e820: [mem 0x40000000-0xfebfffff] available for PCI devices
[    0.000000] Booting paravirtualized kernel on KVM
[    0.000000] clocksource: refined-jiffies: mask: 0xffffffff max_cycles: 0xffffffff, max_idle_ns: 7645519600211568 ns
[    0.000000] random: get_random_bytes called from start_kernel+0x99/0x4fd with crng_init=0
[    0.000000] setup_percpu: NR_CPUS:8192 nr_cpumask_bits:2 nr_cpu_ids:2 nr_node_ids:1
[    0.000000] percpu: Embedded 45 pages/cpu s147456 r8192 d28672 u1048576
[    0.000000] PV qspinlock hash table entries: 256 (order: 0, 4096 bytes)
[    0.000000] Built 1 zonelists, mobility grouping on.  Total pages: 257913
[    0.000000] Policy zone: DMA32
[    0.000000] Kernel command line: BOOT_IMAGE=/boot/vmlinuz-4.15.0-72-generic root=LABEL=cloudimg-rootfs ro console=tty1 console=ttyS0
[    0.000000] Memory: 982852K/1048120K available (12300K kernel code, 2481K rwdata, 4264K rodata, 2428K init, 2388K bss, 65268K reserved, 0K cma-reserved)
[    0.000000] SLUB: HWalign=64, Order=0-3, MinObjects=0, CPUs=2, Nodes=1
[    0.000000] Kernel/User page tables isolation: enabled
[    0.000000] ftrace: allocating 39318 entries in 154 pages
[    0.004000] Hierarchical RCU implementation.
[    0.004000] 	RCU restricting CPUs from NR_CPUS=8192 to nr_cpu_ids=2.
[    0.004000] 	Tasks RCU enabled.
[    0.004000] RCU: Adjusting geometry for rcu_fanout_leaf=16, nr_cpu_ids=2
[    0.004000] NR_IRQS: 524544, nr_irqs: 440, preallocated irqs: 16
[    0.004000] Console: colour VGA+ 80x25
[    0.004000] console [tty1] enabled
[    0.004000] console [ttyS0] enabled
[    0.004000] ACPI: Core revision 20170831
[    0.004000] ACPI: 2 ACPI AML tables successfully acquired and loaded
[    0.004000] APIC: Switch to symmetric I/O mode setup
[    0.004000] x2apic enabled
[    0.004000] Switched APIC routing to physical x2apic.
[    0.004000] ..TIMER: vector=0x30 apic1=0 pin1=2 apic2=-1 pin2=-1
[    0.004006] tsc: Detected 1392.000 MHz processor
[    0.005474] Calibrating delay loop (skipped) preset value.. 2784.00 BogoMIPS (lpj=5568000)
[    0.005880] pid_max: default: 32768 minimum: 301
[    0.008038] Security Framework initialized
[    0.008974] Yama: becoming mindful.
[    0.009634] AppArmor: AppArmor initialized
[    0.011728] Dentry cache hash table entries: 131072 (order: 8, 1048576 bytes)
[    0.012058] Inode-cache hash table entries: 65536 (order: 7, 524288 bytes)
[    0.013542] Mount-cache hash table entries: 2048 (order: 2, 16384 bytes)
[    0.016007] Mountpoint-cache hash table entries: 2048 (order: 2, 16384 bytes)
[    0.017400] Last level iTLB entries: 4KB 64, 2MB 8, 4MB 8
[    0.018840] Last level dTLB entries: 4KB 64, 2MB 0, 4MB 0, 1GB 4
[    0.020005] Spectre V1 : Mitigation: usercopy/swapgs barriers and __user pointer sanitization
[    0.021670] Spectre V2 : Mitigation: Full generic retpoline
[    0.022601] Spectre V2 : Spectre v2 / SpectreRSB mitigation: Filling RSB on context switch
[    0.024003] Speculative Store Bypass: Vulnerable
[    0.025816] MDS: Mitigation: Clear CPU buffers
[    0.028206] Freeing SMP alternatives memory: 36K
[    0.138910] smpboot: CPU0: Intel(R) Core(TM) i5-8257U CPU @ 1.40GHz (family: 0x6, model: 0x8e, stepping: 0xa)
[    0.140000] Performance Events: unsupported p6 CPU model 142 no PMU driver, software events only.
[    0.140033] Hierarchical SRCU implementation.
[    0.141310] NMI watchdog: Perf event create on CPU 0 failed with -2
[    0.142357] NMI watchdog: Perf NMI watchdog permanently disabled
[    0.144039] smp: Bringing up secondary CPUs ...
[    0.144880] x86: Booting SMP configuration:
[    0.145604] .... node  #0, CPUs:      #1
[    0.004000] kvm-clock: cpu 1, msr 0:3ff44041, secondary cpu clock
[    0.150143] smp: Brought up 1 node, 2 CPUs
[    0.150143] smpboot: Max logical packages: 1
[    0.150143] smpboot: Total of 2 processors activated (5568.00 BogoMIPS)
[    0.152117] devtmpfs: initialized
[    0.152726] x86/mm: Memory block size: 128MB
[    0.153702] evm: security.selinux
[    0.154295] evm: security.SMACK64
[    0.154884] evm: security.SMACK64EXEC
[    0.156002] evm: security.SMACK64TRANSMUTE
[    0.156712] evm: security.SMACK64MMAP
[    0.157355] evm: security.apparmor
[    0.157974] evm: security.ima
[    0.158530] evm: security.capability
[    0.159189] clocksource: jiffies: mask: 0xffffffff max_cycles: 0xffffffff, max_idle_ns: 7645041785100000 ns
[    0.160006] futex hash table entries: 512 (order: 3, 32768 bytes)
[    0.164058] pinctrl core: initialized pinctrl subsystem
[    0.165771] RTC time:  8:00:12, date: 01/08/20
[    0.167137] NET: Registered protocol family 16
[    0.168069] audit: initializing netlink subsys (disabled)
[    0.169151] audit: type=2000 audit(1578470418.533:1): state=initialized audit_enabled=0 res=1
[    0.169151] cpuidle: using governor ladder
[    0.169151] cpuidle: using governor menu
[    0.172096] ACPI: bus type PCI registered
[    0.173452] acpiphp: ACPI Hot Plug PCI Controller Driver version: 0.5
[    0.174999] PCI: Using configuration type 1 for base access
[    0.177232] HugeTLB registered 2.00 MiB page size, pre-allocated 0 pages
[    0.180138] ACPI: Added _OSI(Module Device)
[    0.180820] ACPI: Added _OSI(Processor Device)
[    0.181579] ACPI: Added _OSI(3.0 _SCP Extensions)
[    0.184003] ACPI: Added _OSI(Processor Aggregator Device)
[    0.185010] ACPI: Added _OSI(Linux-Dell-Video)
[    0.186067] ACPI: Added _OSI(Linux-Lenovo-NV-HDMI-Audio)
[    0.187433] ACPI: Added _OSI(Linux-HPI-Hybrid-Graphics)
[    0.188336] ACPI: Executed 1 blocks of module-level executable AML code
[    0.194093] ACPI: Interpreter enabled
[    0.194789] ACPI: (supports S0 S5)
[    0.195393] ACPI: Using IOAPIC for interrupt routing
[    0.196195] PCI: Using host bridge windows from ACPI; if necessary, use "pci=nocrs" and report a bug
[    0.197918] ACPI: Enabled 2 GPEs in block 00 to 07
[    0.204246] ACPI: PCI Root Bridge [PCI0] (domain 0000 [bus 00-ff])
[    0.205398] acpi PNP0A03:00: _OSC: OS supports [ASPM ClockPM Segments MSI]
[    0.207095] acpi PNP0A03:00: _OSC: not requesting OS control; OS requires [ExtendedConfig ASPM ClockPM MSI]
[    0.208017] acpi PNP0A03:00: fail to add MMCONFIG information, can't access extended PCI configuration space under this bridge.
[    0.210316] PCI host bridge to bus 0000:00
[    0.212005] pci_bus 0000:00: root bus resource [io  0x0000-0x0cf7 window]
[    0.213128] pci_bus 0000:00: root bus resource [io  0x0d00-0xffff window]
[    0.214330] pci_bus 0000:00: root bus resource [mem 0x000a0000-0x000bffff window]
[    0.216006] pci_bus 0000:00: root bus resource [mem 0x40000000-0xfdffffff window]
[    0.217271] pci_bus 0000:00: root bus resource [bus 00-ff]
[    0.221604] pci 0000:00:01.1: legacy IDE quirk: reg 0x10: [io  0x01f0-0x01f7]
[    0.223566] pci 0000:00:01.1: legacy IDE quirk: reg 0x14: [io  0x03f6]
[    0.224005] pci 0000:00:01.1: legacy IDE quirk: reg 0x18: [io  0x0170-0x0177]
[    0.225172] pci 0000:00:01.1: legacy IDE quirk: reg 0x1c: [io  0x0376]
[    0.244540] pci 0000:00:07.0: quirk: [io  0x4000-0x403f] claimed by PIIX4 ACPI
[    0.246639] pci 0000:00:07.0: quirk: [io  0x4100-0x410f] claimed by PIIX4 SMB
[    0.259455] ACPI: PCI Interrupt Link [LNKA] (IRQs 5 9 10 *11)
[    0.260293] ACPI: PCI Interrupt Link [LNKB] (IRQs 5 9 *10 11)
[    0.261496] ACPI: PCI Interrupt Link [LNKC] (IRQs 5 *9 10 11)
[    0.262645] ACPI: PCI Interrupt Link [LNKD] (IRQs 5 9 10 *11)
[    0.264371] SCSI subsystem initialized
[    0.265091] pci 0000:00:02.0: vgaarb: setting as boot VGA device
[    0.265164] pci 0000:00:02.0: vgaarb: VGA device added: decodes=io+mem,owns=io+mem,locks=none
[    0.268024] pci 0000:00:02.0: vgaarb: bridge control possible
[    0.269142] vgaarb: loaded
[    0.269732] ACPI: bus type USB registered
[    0.270526] usbcore: registered new interface driver usbfs
[    0.272039] usbcore: registered new interface driver hub
[    0.272959] usbcore: registered new device driver usb
[    0.274013] EDAC MC: Ver: 3.0.0
[    0.274013] PCI: Using ACPI for IRQ routing
[    0.276341] NetLabel: Initializing
[    0.276994] NetLabel:  domain hash size = 128
[    0.277755] NetLabel:  protocols = UNLABELED CIPSOv4 CALIPSO
[    0.278775] NetLabel:  unlabeled traffic allowed by default
[    0.280075] clocksource: Switched to clocksource kvm-clock
[    0.303640] VFS: Disk quotas dquot_6.6.0
[    0.305224] VFS: Dquot-cache hash table entries: 512 (order 0, 4096 bytes)
[    0.306466] AppArmor: AppArmor Filesystem Enabled
[    0.307617] pnp: PnP ACPI init
[    0.309554] pnp: PnP ACPI: found 3 devices
[    0.320730] clocksource: acpi_pm: mask: 0xffffff max_cycles: 0xffffff, max_idle_ns: 2085701024 ns
[    0.322563] NET: Registered protocol family 2
[    0.323743] TCP established hash table entries: 8192 (order: 4, 65536 bytes)
[    0.325004] TCP bind hash table entries: 8192 (order: 5, 131072 bytes)
[    0.327502] TCP: Hash tables configured (established 8192 bind 8192)
[    0.330792] UDP hash table entries: 512 (order: 2, 16384 bytes)
[    0.331836] UDP-Lite hash table entries: 512 (order: 2, 16384 bytes)
[    0.332951] NET: Registered protocol family 1
[    0.333888] pci 0000:00:00.0: Limiting direct PCI/PCI transfers
[    0.335097] pci 0000:00:01.0: Activating ISA DMA hang workarounds
[    0.336169] pci 0000:00:02.0: Video device with shadowed ROM at [mem 0x000c0000-0x000dffff]
[    0.337665] Unpacking initramfs...
[    0.594896] Freeing initrd memory: 19744K
[    0.596196] clocksource: tsc: mask: 0xffffffffffffffff max_cycles: 0x14109b0720d, max_idle_ns: 440795259878 ns
[    0.598020] platform rtc_cmos: registered platform RTC device (no PNP device found)
[    0.599882] Scanning for low memory corruption every 60 seconds
[    0.602037] Initialise system trusted keyrings
[    0.603216] Key type blacklist registered
[    0.603970] workingset: timestamp_bits=36 max_order=18 bucket_order=0
[    0.605823] zbud: loaded
[    0.606688] squashfs: version 4.0 (2009/01/31) Phillip Lougher
[    0.607807] fuse init (API version 7.26)
[    0.610181] Key type asymmetric registered
[    0.610895] Asymmetric key parser 'x509' registered
[    0.611746] Block layer SCSI generic (bsg) driver version 0.4 loaded (major 246)
[    0.613172] io scheduler noop registered
[    0.613860] io scheduler deadline registered
[    0.614617] io scheduler cfq registered (default)
[    0.615856] ACPI: AC Adapter [AC] (on-line)
[    0.616672] input: Power Button as /devices/LNXSYSTM:00/LNXPWRBN:00/input/input0
[    0.617976] ACPI: Power Button [PWRF]
[    0.618692] input: Sleep Button as /devices/LNXSYSTM:00/LNXSLPBN:00/input/input1
[    0.619947] ACPI: Sleep Button [SLPF]
[    0.621768] ACPI: Battery Slot [BAT0] (battery present)
[    0.623169] Serial: 8250/16550 driver, 32 ports, IRQ sharing enabled
[    0.645242] 00:02: ttyS0 at I/O 0x3f8 (irq = 4, base_baud = 115200) is a 16550A
[    0.649276] Linux agpgart interface v0.103
[    0.653418] loop: module loaded
[    0.654975] scsi host0: ata_piix
[    0.655929] scsi host1: ata_piix
[    0.656680] ata1: PATA max UDMA/33 cmd 0x1f0 ctl 0x3f6 bmdma 0xd000 irq 14
[    0.657829] ata2: PATA max UDMA/33 cmd 0x170 ctl 0x376 bmdma 0xd008 irq 15
[    0.659393] libphy: Fixed MDIO Bus: probed
[    0.660150] tun: Universal TUN/TAP device driver, 1.6
[    0.661087] PPP generic driver version 2.4.2
[    0.661899] ehci_hcd: USB 2.0 'Enhanced' Host Controller (EHCI) Driver
[    0.662988] ehci-pci: EHCI PCI platform driver
[    0.663767] ehci-platform: EHCI generic platform driver
[    0.664813] ohci_hcd: USB 1.1 'Open' Host Controller (OHCI) Driver
[    0.665869] ohci-pci: OHCI PCI platform driver
[    0.666665] ohci-platform: OHCI generic platform driver
[    0.667606] uhci_hcd: USB Universal Host Controller Interface driver
[    0.669017] i8042: PNP: PS/2 Controller [PNP0303:PS2K,PNP0f03:PS2M] at 0x60,0x64 irq 1,12
[    0.670954] serio: i8042 KBD port at 0x60,0x64 irq 1
[    0.671846] serio: i8042 AUX port at 0x60,0x64 irq 12
[    0.672995] mousedev: PS/2 mouse device common for all mice
[    0.674767] input: AT Translated Set 2 keyboard as /devices/platform/i8042/serio0/input/input2
[    0.676368] rtc_cmos rtc_cmos: rtc core: registered rtc_cmos as rtc0
[    0.677624] rtc_cmos rtc_cmos: alarms up to one day, 114 bytes nvram
[    0.678693] i2c /dev entries driver
[    0.679371] device-mapper: uevent: version 1.0.3
[    0.680265] device-mapper: ioctl: 4.37.0-ioctl (2017-09-20) initialised: dm-devel@redhat.com
[    0.682104] ledtrig-cpu: registered to indicate activity on CPUs
[    0.683596] NET: Registered protocol family 10
[    0.688046] Segment Routing with IPv6
[    0.688783] NET: Registered protocol family 17
[    0.689643] Key type dns_resolver registered
[    0.690695] mce: Using 0 MCE banks
[    0.691321] RAS: Correctable Errors collector initialized.
[    0.692316] sched_clock: Marking stable (692299471, 0)->(845717725, -153418254)
[    0.694065] registered taskstats version 1
[    0.694818] Loading compiled-in X.509 certificates
[    0.697819] Loaded X.509 cert 'Build time autogenerated kernel key: f4f7241365689b0cbe3898188e65e316fd8f978d'
[    0.699626] zswap: loaded using pool lzo/zbud
[    0.703640] Key type big_key registered
[    0.704446] Key type trusted registered
[    0.706685] Key type encrypted registered
[    0.707589] AppArmor: AppArmor sha1 policy hashing enabled
[    0.708915] ima: No TPM chip found, activating TPM-bypass! (rc=-19)
[    0.710146] ima: Allocated hash algorithm: sha1
[    0.711086] evm: HMAC attrs: 0x1
[    0.711947]   Magic number: 4:377:17
[    0.712740] rtc_cmos rtc_cmos: setting system clock to 2020-01-08 08:00:13 UTC (1578470413)
[    0.714386] BIOS EDD facility v0.16 2004-Jun-25, 0 devices found
[    0.715454] EDD information not available.
[    0.820111] Freeing unused kernel image memory: 2428K
[    0.838439] Write protecting the kernel read-only data: 20480k
[    0.840941] Freeing unused kernel image memory: 2008K
[    0.842358] Freeing unused kernel image memory: 1880K
[    0.850142] x86/mm: Checked W+X mappings: passed, no W+X pages found.
[    0.852224] x86/mm: Checking user space page tables
[    0.859153] x86/mm: Checked W+X mappings: passed, no W+X pages found.
Loading, please wait...
starting version 237
[    0.915630] e1000: Intel(R) PRO/1000 Network Driver - version 7.3.21-k8-NAPI
[    0.917452] e1000: Copyright (c) 1999-2006 Intel Corporation.
[    0.922402] Fusion MPT base driver 3.04.20
[    0.923246] Copyright (c) 1999-2008 LSI Corporation
[    0.938783] Fusion MPT SPI Host driver 3.04.20
[    0.942059] AVX2 version of gcm_enc/dec engaged.
[    0.943413] AES CTR mode by8 optimization enabled
[    0.947273] vboxvideo: loading out-of-tree module taints kernel.
[    0.948355] vboxvideo: module verification failed: signature and/or required key missing - tainting kernel
[    1.139276] input: ImExPS/2 Generic Explorer Mouse as /devices/platform/i8042/serio1/input/input4
[    1.321439] e1000 0000:00:03.0 eth0: (PCI:33MHz:32-bit) 02:b7:1f:33:e9:24
[    1.323853] e1000 0000:00:03.0 eth0: Intel(R) PRO/1000 Network Connection
[    1.724877] e1000 0000:00:08.0 eth1: (PCI:33MHz:32-bit) 08:00:27:19:07:4c
[    1.727003] e1000 0000:00:08.0 eth1: Intel(R) PRO/1000 Network Connection
[    1.730196] e1000 0000:00:03.0 enp0s3: renamed from eth0
[    1.740019] mptbase: ioc0: Initiating bringup
[    1.744985] e1000 0000:00:08.0 enp0s8: renamed from eth1
[    1.940339] ioc0: LSI53C1030 A0: Capabilities={Initiator}
[    2.702854] scsi host2: ioc0: LSI53C1030 A0, FwRev=00000000h, Ports=1, MaxQ=256, IRQ=20
[    3.178546] scsi 2:0:0:0: Direct-Access     VBOX     HARDDISK         1.0  PQ: 0 ANSI: 5
[    3.181341] [drm] VRAM 01000000
[    3.182845] [TTM] Zone  kernel: Available graphics memory: 504474 kiB
[    3.184758] [TTM] Initializing pool allocator
[    3.185902] [TTM] Initializing DMA pool allocator
[    3.188957] fbcon: vboxdrmfb (fb0) is primary device
[    3.190806] Console: switching to colour frame buffer device 100x37
[    3.194128] vboxvideo 0000:00:02.0: fb0: vboxdrmfb frame buffer device
[    3.208220] [drm] Initialized vboxvideo 1.0.0 20130823 for 0000:00:02.0 on minor 0
[    3.216361] scsi target2:0:0: Beginning Domain Validation
[    3.219160] scsi target2:0:0: Domain Validation skipping write tests
[    3.220230] scsi target2:0:0: Ending Domain Validation
[    3.221003] scsi target2:0:0: asynchronous
[    3.221914] scsi 2:0:1:0: Direct-Access     VBOX     HARDDISK         1.0  PQ: 0 ANSI: 5
[    3.320047] scsi target2:0:1: Beginning Domain Validation
[    3.322510] random: fast init done
[    3.323267] scsi target2:0:1: Domain Validation skipping write tests
[    3.324427] scsi target2:0:1: Ending Domain Validation
[    3.325800] scsi target2:0:1: asynchronous
[    3.330992] sd 2:0:0:0: Attached scsi generic sg0 type 0
[    3.331029] random: systemd-udevd: uninitialized urandom read (16 bytes read)
[    3.332305] sd 2:0:1:0: Attached scsi generic sg1 type 0
[    3.333788] random: systemd-udevd: uninitialized urandom read (16 bytes read)
[    3.336554] random: systemd-udevd: uninitialized urandom read (16 bytes read)
[    3.338197] sd 2:0:0:0: [sda] 20971520 512-byte logical blocks: (10.7 GB/10.0 GiB)
[    3.339912] sd 2:0:1:0: [sdb] 20480 512-byte logical blocks: (10.5 MB/10.0 MiB)
[    3.341412] sd 2:0:0:0: [sda] Write Protect is off
[    3.342517] sd 2:0:1:0: [sdb] Write Protect is off
[    3.343851] sd 2:0:1:0: [sdb] Incomplete mode parameter data
[    3.344975] sd 2:0:1:0: [sdb] Assuming drive cache: write through
[    3.345128] sd 2:0:0:0: [sda] Incomplete mode parameter data
[    3.347620] sd 2:0:0:0: [sda] Assuming drive cache: write through
[    3.350351]  sda: sda1
[    3.351461] sd 2:0:0:0: [sda] Attached SCSI disk
[    3.352759] sd 2:0:1:0: [sdb] Attached SCSI disk
Begin: Loading essential drivers ... [    3.506746] raid6: sse2x1   gen() 13227 MB/s
[    3.557760] raid6: sse2x1   xor()  9255 MB/s
[    3.604045] raid6: sse2x2   gen() 15164 MB/s
[    3.657907] raid6: sse2x2   xor() 11016 MB/s
[    3.708028] raid6: sse2x4   gen() 19910 MB/s
[    3.756566] raid6: sse2x4   xor() 10968 MB/s
[    3.807988] raid6: avx2x1   gen() 27585 MB/s
[    3.856266] raid6: avx2x1   xor() 16818 MB/s
[    3.908064] raid6: avx2x2   gen() 32977 MB/s
[    3.958183] raid6: avx2x2   xor() 19765 MB/s
[    4.004528] raid6: avx2x4   gen() 34599 MB/s
[    4.052299] raid6: avx2x4   xor() 21895 MB/s
[    4.053700] raid6: using algorithm avx2x4 gen() 34599 MB/s
[    4.054853] raid6: .... xor() 21895 MB/s, rmw enabled
[    4.055945] raid6: using avx2x2 recovery algorithm
[    4.058399] xor: automatically using best checksumming function   avx       
[    4.060923] async_tx: api initialized (async)
done.
Begin: Running /scripts/init-premount ... done.
Begin: Mounting root file system ... Begin: Running /scripts/local-top ... done.
Begin: Running /scripts/local-premount ... [    4.098734] Btrfs loaded, crc32c=crc32c-intel
Scanning for Btrfs filesystems
done.
Warning: fsck not present, so skipping root file system
[    4.122748] EXT4-fs (sda1): mounted filesystem with ordered data mode. Opts: (null)
done.
Begin: Running /scripts/local-bottom ... done.
Begin: Running /scripts/init-bottom ... done.
[    4.310843] ip_tables: (C) 2000-2006 Netfilter Core Team
[    4.319713] systemd[1]: systemd 237 running in system mode. (+PAM +AUDIT +SELINUX +IMA +APPARMOR +SMACK +SYSVINIT +UTMP +LIBCRYPTSETUP +GCRYPT +GNUTLS +ACL +XZ +LZ4 +SECCOMP +BLKID +ELFUTILS +KMOD -IDN2 +IDN -PCRE2 default-hierarchy=hybrid)
[    4.323378] systemd[1]: Detected virtualization oracle.
[    4.324370] systemd[1]: Detected architecture x86-64.

Welcome to [1mUbuntu 18.04.3 LTS[0m!

[    4.341402] systemd[1]: Set hostname to <ubuntu-bionic>.
[    4.593878] systemd[1]: Reached target Swap.
[[0;32m  OK  [0m] Reached target Swap.
[    4.597444] systemd[1]: Created slice User and Session Slice.
[[0;32m  OK  [0m] Created slice User and Session Slice.
[    4.599338] systemd[1]: Started Forward Password Requests to Wall Directory Watch.
[[0;32m  OK  [0m] Started Forward Password Requests to Wall Directory Watch.
[    4.601940] systemd[1]: Created slice System Slice.
[[0;32m  OK  [0m] Created slice System Slice.
[    4.603631] systemd[1]: Listening on LVM2 metadata daemon socket.
[[0;32m  OK  [0m] Listening on LVM2 metadata daemon socket.
[    4.616946] systemd[1]: Listening on LVM2 poll daemon socket.
[[0;32m  OK  [0m] Listening on LVM2 poll daemon socket.
[[0;32m  OK  [0m] Listening on Journal Socket (/dev/log).
[[0;32m  OK  [0m] Listening on Journal Socket.
         Starting Load Kernel Modules...
[[0;32m  OK  [0m] Listening on udev Kernel Socket.
         Mounting Huge Pages File System...
         Starting Remount Root and Kernel File Systems...
[[0;32m  OK  [0m] Listening on Syslog Socket.
         Starting Create list of required st…ce nodes for the current k[    4.659602] Loading iSCSI transport class v2.0-870.
ernel...
[    4.666352] iscsi: registered transport (tcp)
[[0;32m  OK  [0m] Listening on Network Service Netlink Socket.
[[0;32m  OK  [0m] Listening on /dev/initctl Compatibility Named Pipe.
[    4.681453] iscsi: registered transport (iser)
[[0;32m  OK  [0m] Reached target User and Group Name Lookups.
         Mounting POSIX Message Queue File System...
[[0;32m  OK  [0m] Created slice system-serial\x2dgetty.slice.
[[0;32m  OK  [0m] Reached target Slices.
         Starting Set the console keyboard layout...
         Starting Uncomplicated firewall...
[[0;32m  OK  [0m] Listening on Journal Audit Socket.
         Starting Journal Service...
[[0;32m  OK  [0m] Listening on udev Control Socket.
         Starting udev Coldplug all Devices...
[[0;32m  OK  [0m] Reached target System Time Synchronized.
[[0;32m  OK  [0m] Listening on Device-mapper event daemon FIFOs.
         Starting Monitoring of LVM2 mirrors…ng dmeventd or progress polling...
         Mounting Kernel Debug File System...
[[0;32m  OK  [0m] Set up automount Arbitrary Executab…rmats File System Automount Point.
[[0;32m  OK  [0m] Started Load Kernel Modules.
[    4.759949] EXT4-fs (sda1): re-mounted. Opts: (null)
[[0;32m  OK  [0m] Mounted Huge Pages File System.
[[0;32m  OK  [0m] Started Remount Root and Kernel File Systems.
[[0;32m  OK  [0m] Started Create list of required sta…vice nodes for the current kernel.
[[0;32m  OK  [0m] Mounted POSIX Message Queue File System.
[[0;32m  OK  [0m] Started Journal Service.
[[0;32m  OK  [0m] Started Uncomplicated firewall.
[[0;32m  OK  [0m] Mounted Kernel Debug File System.
[[0;32m  OK  [0m] Started LVM2 metadata daemon.
         Starting Create Static Device Nodes in /dev...
         Starting Flush Journal to Persistent Storage...
         Starting Load/Save Random Seed...
         Mounting Kernel Configuration File System...
         Starting Apply Kernel Variables...
         Mounting FUSE Control File System...
[[0;32m  OK  [0m] Started Set the console keyboard layout.
[[0;32m  OK  [0m] Started Monitoring of LVM2 mirrors,…sing dmeventd or progress polling.
[[0;32m  OK  [0m] Started udev Coldplug all Devices.
[[0;32m  OK  [0m] Started Load/Save Random Seed.
[[0;32m  OK  [0m] Mounted Kernel Configuration File System.
[[0;32m  OK  [0m] Mounted FUSE Control File System.
[    4.883444] systemd-journald[399]: Received request to flush runtime journal from PID 1
[[0;32m  OK  [0m] Started Create Static Device Nodes in /dev.
         Starting udev Kernel Device Manager...
[[0;32m  OK  [0m] Reached target Local File Systems (Pre).
[[0;32m  OK  [0m] Reached target Local File Systems.
         Starting Tell Plymouth To Write Out Runtime Data...
         Starting ebtables ruleset management...
         Starting AppArmor initialization...
         Starting Set console font and keymap...
[[0;32m  OK  [0m] Started udev Kernel Device Manager.
[[0;32m  OK  [0m] Started Dispatch Password Requests to Console Directory Watch.
[[0;32m  OK  [0m] Reached target Local Encrypted Volumes.
[[0;32m  OK  [0m] Started Apply Kernel Variables.
[[0;32m  OK  [0m] Started Tell Plymouth To Write Out Runtime Data.
[[0;32m  OK  [0m] Started Set console font and keymap.
[[0;32m  OK  [0m] Started Flush Journal to Persistent Storage.
         Starting Create Volatile Files and Directories...
[[0;32m  OK  [0m] Started ebtables ruleset management.
[[0;32m  OK  [0m] Started Create Volatile Files and Directories.
[[0;32m  OK  [0m] Found device /dev/ttyS0.
         Starting Update UTMP about System Boot/Shutdown...
[[0;32m  OK  [0m] Started Update UTMP about System Boot/Shutdown.
[[0;32m  OK  [0m] Listening on Load/Save RF Kill Switch Status /dev/rfkill Watch.
[[0;32m  OK  [0m] Started AppArmor initialization.
         Starting Initial cloud-init job (pre-networking)...
[    6.359165] cloud-init[527]: Cloud-init v. 19.3-41-gc4735dd3-0ubuntu1~18.04.1 running 'init-local' at Wed, 08 Jan 2020 08:00:18 +0000. Up 6.16 seconds.
[[0;32m  OK  [0m] Started Initial cloud-init job (pre-networking).
[[0;32m  OK  [0m] Reached target Network (Pre).
         Starting Network Service...
[[0;32m  OK  [0m] Started Network Service.
         Starting Wait for Network to be Configured...
         Starting Network Name Resolution...
[[0;32m  OK  [0m] Started Network Name Resolution.
[[0;32m  OK  [0m] Reached target Network.
[[0;32m  OK  [0m] Reached target Host and Network Name Lookups.
[[0;32m  OK  [0m] Started Wait for Network to be Configured.
         Starting Initial cloud-init job (metadata service crawler)...
[    8.902586] cloud-init[700]: Cloud-init v. 19.3-41-gc4735dd3-0ubuntu1~18.04.1 running 'init' at Wed, 08 Jan 2020 08:00:21 +0000. Up 8.77 seconds.
[    8.912377] cloud-init[700]: ci-info: ++++++++++++++++++++++++++++++++++++++Net device info++++++++++++++++++++++++++++++++++++++
[    8.924249] cloud-init[700]: ci-info: +--------+------+----------------------------+---------------+--------+-------------------+
[    8.925825] cloud-init[700]: ci-info: | Device |  Up  |          Address           |      Mask     | Scope  |     Hw-Address    |
[    8.936322] cloud-init[700]: ci-info: +--------+------+----------------------------+---------------+--------+-------------------+
[    8.938252] cloud-init[700]: ci-info: | enp0s3 | True |         10.0.2.15          | 255.255.255.0 | global | 02:b7:1f:33:e9:24 |
[    8.948251] cloud-init[700]: ci-info: | enp0s3 | True | fe80::b7:1fff:fe33:e924/64 |       .       |  link  | 02:b7:1f:33:e9:24 |
[    8.960403] cloud-init[700]: ci-info: | enp0s8 | True |       192.168.33.10        | 255.255.255.0 | global | 08:00:27:19:07:4c |
[    8.972255] cloud-init[700]: ci-info: | enp0s8 | True | fe80::a00:27ff:fe19:74c/64 |       .       |  link  | 08:00:27:19:07:4c |
[    8.973967] cloud-init[700]: ci-info: |   lo   | True |         127.0.0.1          |   255.0.0.0   |  host  |         .         |
[    8.975860] cloud-init[700]: ci-info: |   lo   | True |          ::1/128           |       .       |  host  |         .         |
[    8.977546] cloud-init[700]: ci-info: +--------+------+----------------------------+---------------+--------+-------------------+
[    8.979076] cloud-init[700]: ci-info: +++++++++++++++++++++++++++++Route IPv4 info+++++++++++++++++++++++++++++
[    8.980564] cloud-init[700]: ci-info: +-------+--------------+----------+-----------------+-----------+-------+
[    8.982034] cloud-init[700]: ci-info: | Route | Destination  | Gateway  |     Genmask     | Interface | Flags |
[    8.983493] cloud-init[700]: ci-info: +-------+--------------+----------+-----------------+-----------+-------+
[    8.985067] cloud-init[700]: ci-info: |   0   |   0.0.0.0    | 10.0.2.2 |     0.0.0.0     |   enp0s3  |   UG  |
[    8.986606] cloud-init[700]: ci-info: |   1   |   10.0.2.0   | 0.0.0.0  |  255.255.255.0  |   enp0s3  |   U   |
[    8.988548] cloud-init[700]: ci-info: |   2   |   10.0.2.2   | 0.0.0.0  | 255.255.255.255 |   enp0s3  |   UH  |
[    8.990409] cloud-init[700]: ci-info: |   3   | 192.168.33.0 | 0.0.0.0  |  255.255.255.0  |   enp0s8  |   U   |
[    8.992007] cloud-init[700]: ci-info: +-------+--------------+----------+-----------------+-----------+-------+
[    8.995265] cloud-init[700]: ci-info: +++++++++++++++++++Route IPv6 info+++++++++++++++++++
[    8.996654] cloud-init[700]: ci-info: +-------+-------------+---------+-----------+-------+
[    8.998027] cloud-init[700]: ci-info: | Route | Destination | Gateway | Interface | Flags |
[    8.999455] cloud-init[700]: ci-info: +-------+-------------+---------+-----------+-------+
[    9.002291] cloud-init[700]: ci-info: |   1   |  fe80::/64  |    ::   |   enp0s8  |   U   |
[    9.004210] cloud-init[700]: ci-info: |   2   |  fe80::/64  |    ::   |   enp0s3  |   U   |
[    9.006231] cloud-init[700]: ci-info: |   4   |    local    |    ::   |   enp0s3  |   U   |
[    9.008921] cloud-init[700]: ci-info: |   5   |    local    |    ::   |   enp0s8  |   U   |
[    9.010062] cloud-init[700]: ci-info: |   6   |   ff00::/8  |    ::   |   enp0s8  |   U   |
[    9.011206] cloud-init[700]: ci-info: |   7   |   ff00::/8  |    ::   |   enp0s3  |   U   |
[    9.012352] cloud-init[700]: ci-info: +-------+-------------+---------+-----------+-------+
[[0;32m  OK  [0m] Started Initial cloud-init job (metadata service crawler).
[[0;32m  OK  [0m] Reached target Network is Online.
[[0;32m  OK  [0m] Reached target Remote File Systems (Pre).
[[0;32m  OK  [0m] Reached target Remote File Systems.
         Starting Availability of block devices...
[[0;32m  OK  [0m] Reached target System Initialization.
[[0;32m  OK  [0m] Started Discard unused blocks once a week.
         Starting LXD - unix socket.
[[0;32m  OK  [0m] Listening on Open-iSCSI iscsid Socket.
[[0;32m  OK  [0m] Started ACPI Events Check.
[[0;32m  OK  [0m] Listening on ACPID Listen Socket.
[[0;32m  OK  [0m] Listening on UUID daemon activation socket.
[[0;32m  OK  [0m] Started Daily apt download activities.
[[0;32m  OK  [0m] Started Message of the Day.
[[0;32m  OK  [0m] Started Daily apt upgrade and clean activities.
[[0;32m  OK  [0m] Listening on D-Bus System Message Bus Socket.
         Starting Socket activation for snappy daemon.
[[0;32m  OK  [0m] Reached target Paths.
[[0;32m  OK  [0m] Started Daily Cleanup of Temporary Directories.
[[0;32m  OK  [0m] Reached target Timers.
[[0;32m  OK  [0m] Reached target Cloud-config availability.
[[0;32m  OK  [0m] Started Availability of block devices.
[[0;32m  OK  [0m] Listening on LXD - unix socket.
[[0;32m  OK  [0m] Listening on Socket activation for snappy daemon.
[[0;32m  OK  [0m] Reached target Sockets.
[[0;32m  OK  [0m] Reached target Basic System.
         Starting Dispatcher daemon for systemd-networkd...
[[0;32m  OK  [0m] Started Regular background program processing daemon.
         Starting vboxadd.service...
         Starting LSB: automatic crash report generation...
[[0;32m  OK  [0m] Started Deferred execution scheduler.
         Starting LSB: Record successful boot for GRUB...
[[0;32m  OK  [0m] Started D-Bus System Message Bus.
         Starting LXD - container startup/shutdown...
         Starting Login Service...
[[0;32m  OK  [0m] Started FUSE filesystem for LXC.
         Starting Snappy daemon...
         Starting System Logging Service...
         Starting Accounts Service...
         Starting OpenBSD Secure Shell server...
[[0;32m  OK  [0m] Started irqbalance daemon.
         Starting Permit User Sessions...
[[0;32m  OK  [0m] Started System Logging Service.
[[0;32m  OK  [0m] Started Dispatcher daemon for systemd-networkd.
[[0;32m  OK  [0m] Started Login Service.
[[0;32m  OK  [0m] Started OpenBSD Secure Shell server.
[[0;32m  OK  [0m] Started LXD - container startup/shutdown.
[[0;32m  OK  [0m] Started Permit User Sessions.
         Starting Terminate Plymouth Boot Screen...
         Starting Hold until boot process finishes up...
         Starting Authorization Manager...
[[0;32m  OK  [0m] Started Unattended Upgrades Shutdown.
[[0;32m  OK  [0m] Started Terminate Plymouth Boot Screen.
[[0;32m  OK  [0m] Started Hold until boot process finishes up.
         Starting Set console scheme...
[[0;32m  OK  [0m] Started Serial Getty on ttyS0.
[[0;32m  OK  [0m] Started Authorization Manager.
[[0;32m  OK  [0m] Started Accounts Service.
[[0;32m  OK  [0m] Started Set console scheme.
[[0;32m  OK  [0m] Started LSB: automatic crash report generation.
[[0;32m  OK  [0m] Created slice system-getty.slice.
[[0;32m  OK  [0m] Started Getty on tty1.
[[0;32m  OK  [0m] Reached target Login Prompts.
[[0;32m  OK  [0m] Started LSB: Record successful boot for GRUB.
[[0;32m  OK  [0m] Started Snappy daemon.
         Starting Wait until snapd is fully seeded...
[[0;32m  OK  [0m] Started Wait until snapd is fully seeded.
         Starting Apply the settings specified in cloud-config...
[[0;32m  OK  [0m] Started vboxadd.service.
         Starting vboxadd-service.service...
[[0;32m  OK  [0m] Started vboxadd-service.service.
[[0;32m  OK  [0m] Reached target Multi-User System.
[[0;32m  OK  [0m] Reached target Graphical Interface.
         Starting Update UTMP about System Runlevel Changes...
[[0;32m  OK  [0m] Started Update UTMP about System Runlevel Changes.
[   11.130742] cloud-init[1162]: Cloud-init v. 19.3-41-gc4735dd3-0ubuntu1~18.04.1 running 'modules:config' at Wed, 08 Jan 2020 08:00:23 +0000. Up 11.03 seconds.
[[0;32m  OK  [0m] Started Apply the settings specified in cloud-config.
         Starting Execute cloud user/final scripts...
[   11.552781] cloud-init[1325]: Cloud-init v. 19.3-41-gc4735dd3-0ubuntu1~18.04.1 running 'modules:final' at Wed, 08 Jan 2020 08:00:24 +0000. Up 11.46 seconds.
[   11.555273] cloud-init[1325]: Cloud-init v. 19.3-41-gc4735dd3-0ubuntu1~18.04.1 finished at Wed, 08 Jan 2020 08:00:24 +0000. Datasource DataSourceNoCloud [seed=/dev/sdb][dsmode=net].  Up 11.54 seconds
[[0;32m  OK  [0m] Started Execute cloud user/final scripts.
[[0;32m  OK  [0m] Reached target Cloud-init target.

Ubuntu 18.04.3 LTS ubuntu-bionic ttyS0

ubuntu-bionic login: 